  main.cpp
  solve.cpp
c:\users\alexis\documents\hwmz2\hwmz2\solve.cpp(24): warning C4018: '<': signed/unsigned mismatch
c:\users\alexis\documents\hwmz2\hwmz2\solve.cpp(100): warning C4018: '<': signed/unsigned mismatch
c:\users\alexis\documents\hwmz2\hwmz2\solve.cpp(171): warning C4018: '<': signed/unsigned mismatch
c:\users\alexis\documents\hwmz2\hwmz2\minpriorityqueue.h(190): warning C4018: '<=': signed/unsigned mismatch
  c:\users\alexis\documents\hwmz2\hwmz2\minpriorityqueue.h(186): note: while compiling class template member function 'void MinPriorityQueue<Vertex *>::bubble_down(void)'
  c:\users\alexis\documents\hwmz2\hwmz2\minpriorityqueue.h(86): note: see reference to function template instantiation 'void MinPriorityQueue<Vertex *>::bubble_down(void)' being compiled
  c:\users\alexis\documents\hwmz2\hwmz2\solve.cpp(82): note: see reference to class template instantiation 'MinPriorityQueue<Vertex *>' being compiled
c:\users\alexis\documents\hwmz2\hwmz2\minpriorityqueue.h(190): warning C4018: '>': signed/unsigned mismatch
c:\users\alexis\documents\hwmz2\hwmz2\minpriorityqueue.h(145): warning C4018: '<=': signed/unsigned mismatch
  c:\users\alexis\documents\hwmz2\hwmz2\minpriorityqueue.h(143): note: while compiling class template member function 'bool MinPriorityQueue<Vertex *>::children_violation(int)'
  c:\users\alexis\documents\hwmz2\hwmz2\minpriorityqueue.h(188): note: see reference to function template instantiation 'bool MinPriorityQueue<Vertex *>::children_violation(int)' being compiled
c:\users\alexis\documents\hwmz2\hwmz2\minpriorityqueue.h(152): warning C4018: '<=': signed/unsigned mismatch
c:\users\alexis\documents\hwmz2\hwmz2\minpriorityqueue.h(152): warning C4018: '>': signed/unsigned mismatch
c:\users\alexis\documents\hwmz2\hwmz2\minpriorityqueue.h(158): warning C4018: '>': signed/unsigned mismatch
  Generating Code...
c:\users\alexis\documents\hwmz2\hwmz2\minpriorityqueue.h(114): warning C4715: 'MinPriorityQueue<Vertex *>::getPriority': not all control paths return a value
c:\users\alexis\documents\hwmz2\hwmz2\minpriorityqueue.h(161): warning C4715: 'MinPriorityQueue<Vertex *>::children_violation': not all control paths return a value
  hwMZ2.vcxproj -> C:\Users\Alexis\Documents\hwMZ2\Debug\hwMZ2.exe
